21:56:31.458 [AWT-EventQueue-0] INFO  com.slutprojekt.JimmyKarlsson.utils.LoggerSingleton - Producer amount: 1, added: 1, removed: 0
21:56:31.459 [pool-1-thread-14] WARN  com.slutprojekt.JimmyKarlsson.utils.LoggerSingleton - Buffer is 10% or lower.
21:56:31.460 [AWT-EventQueue-0] INFO  com.slutprojekt.JimmyKarlsson.utils.LoggerSingleton - Producer intervals: [1]
21:56:31.655 [AWT-EventQueue-0] INFO  com.slutprojekt.JimmyKarlsson.utils.LoggerSingleton - Producer amount: 2, added: 1, removed: 0
21:56:31.655 [pool-1-thread-15] WARN  com.slutprojekt.JimmyKarlsson.utils.LoggerSingleton - Buffer is 10% or lower.
21:56:31.656 [AWT-EventQueue-0] INFO  com.slutprojekt.JimmyKarlsson.utils.LoggerSingleton - Producer intervals: [1, 4]
21:56:31.846 [AWT-EventQueue-0] INFO  com.slutprojekt.JimmyKarlsson.utils.LoggerSingleton - Producer amount: 3, added: 1, removed: 0
21:56:31.847 [pool-1-thread-16] WARN  com.slutprojekt.JimmyKarlsson.utils.LoggerSingleton - Buffer is 10% or lower.
21:56:31.847 [AWT-EventQueue-0] INFO  com.slutprojekt.JimmyKarlsson.utils.LoggerSingleton - Producer intervals: [1, 4, 5]
21:56:32.032 [AWT-EventQueue-0] INFO  com.slutprojekt.JimmyKarlsson.utils.LoggerSingleton - Producer amount: 4, added: 1, removed: 0
21:56:32.032 [AWT-EventQueue-0] INFO  com.slutprojekt.JimmyKarlsson.utils.LoggerSingleton - Producer intervals: [1, 4, 5, 10]
21:56:32.032 [pool-1-thread-17] WARN  com.slutprojekt.JimmyKarlsson.utils.LoggerSingleton - Buffer is 10% or lower.
21:56:32.209 [AWT-EventQueue-0] INFO  com.slutprojekt.JimmyKarlsson.utils.LoggerSingleton - Producer amount: 5, added: 1, removed: 0
21:56:32.210 [pool-1-thread-18] WARN  com.slutprojekt.JimmyKarlsson.utils.LoggerSingleton - Buffer is 10% or lower.
21:56:32.210 [AWT-EventQueue-0] INFO  com.slutprojekt.JimmyKarlsson.utils.LoggerSingleton - Producer intervals: [1, 4, 5, 10, 6]
21:56:32.405 [AWT-EventQueue-0] INFO  com.slutprojekt.JimmyKarlsson.utils.LoggerSingleton - Producer amount: 6, added: 1, removed: 0
21:56:32.405 [pool-1-thread-19] WARN  com.slutprojekt.JimmyKarlsson.utils.LoggerSingleton - Buffer is 10% or lower.
21:56:32.405 [AWT-EventQueue-0] INFO  com.slutprojekt.JimmyKarlsson.utils.LoggerSingleton - Producer intervals: [1, 4, 5, 10, 6, 1]
21:56:32.470 [pool-1-thread-14] WARN  com.slutprojekt.JimmyKarlsson.utils.LoggerSingleton - Buffer is 10% or lower.
21:56:32.579 [AWT-EventQueue-0] INFO  com.slutprojekt.JimmyKarlsson.utils.LoggerSingleton - Producer amount: 7, added: 1, removed: 0
21:56:32.580 [AWT-EventQueue-0] INFO  com.slutprojekt.JimmyKarlsson.utils.LoggerSingleton - Producer intervals: [1, 4, 5, 10, 6, 1, 2]
21:56:32.580 [pool-1-thread-20] WARN  com.slutprojekt.JimmyKarlsson.utils.LoggerSingleton - Buffer is 10% or lower.
21:56:32.774 [AWT-EventQueue-0] INFO  com.slutprojekt.JimmyKarlsson.utils.LoggerSingleton - Producer amount: 8, added: 1, removed: 0
21:56:32.774 [AWT-EventQueue-0] INFO  com.slutprojekt.JimmyKarlsson.utils.LoggerSingleton - Producer intervals: [1, 4, 5, 10, 6, 1, 2, 5]
21:56:32.775 [pool-1-thread-21] WARN  com.slutprojekt.JimmyKarlsson.utils.LoggerSingleton - Buffer is 10% or lower.
21:56:32.946 [AWT-EventQueue-0] INFO  com.slutprojekt.JimmyKarlsson.utils.LoggerSingleton - Producer amount: 9, added: 1, removed: 0
21:56:32.946 [pool-1-thread-22] WARN  com.slutprojekt.JimmyKarlsson.utils.LoggerSingleton - Buffer is 10% or lower.
21:56:32.947 [AWT-EventQueue-0] INFO  com.slutprojekt.JimmyKarlsson.utils.LoggerSingleton - Producer intervals: [1, 4, 5, 10, 6, 1, 2, 5, 3]
21:56:33.110 [AWT-EventQueue-0] INFO  com.slutprojekt.JimmyKarlsson.utils.LoggerSingleton - Producer amount: 10, added: 1, removed: 0
21:56:33.111 [AWT-EventQueue-0] INFO  com.slutprojekt.JimmyKarlsson.utils.LoggerSingleton - Producer intervals: [1, 4, 5, 10, 6, 1, 2, 5, 3, 1]
21:56:33.111 [pool-1-thread-23] WARN  com.slutprojekt.JimmyKarlsson.utils.LoggerSingleton - Buffer is 10% or lower.
21:56:33.284 [AWT-EventQueue-0] INFO  com.slutprojekt.JimmyKarlsson.utils.LoggerSingleton - Producer amount: 11, added: 1, removed: 0
21:56:33.284 [pool-1-thread-24] WARN  com.slutprojekt.JimmyKarlsson.utils.LoggerSingleton - Buffer is 10% or lower.
21:56:33.284 [AWT-EventQueue-0] INFO  com.slutprojekt.JimmyKarlsson.utils.LoggerSingleton - Producer intervals: [1, 4, 5, 10, 6, 1, 2, 5, 3, 1, 2]
21:56:33.407 [pool-1-thread-19] WARN  com.slutprojekt.JimmyKarlsson.utils.LoggerSingleton - Buffer is 10% or lower.
21:56:33.469 [AWT-EventQueue-0] INFO  com.slutprojekt.JimmyKarlsson.utils.LoggerSingleton - Producer amount: 12, added: 1, removed: 0
21:56:33.470 [pool-1-thread-25] WARN  com.slutprojekt.JimmyKarlsson.utils.LoggerSingleton - Buffer is 10% or lower.
21:56:33.470 [AWT-EventQueue-0] INFO  com.slutprojekt.JimmyKarlsson.utils.LoggerSingleton - Producer intervals: [1, 4, 5, 10, 6, 1, 2, 5, 3, 1, 2, 2]
21:56:33.479 [pool-1-thread-14] WARN  com.slutprojekt.JimmyKarlsson.utils.LoggerSingleton - Buffer is 10% or lower.
21:56:33.673 [AWT-EventQueue-0] INFO  com.slutprojekt.JimmyKarlsson.utils.LoggerSingleton - Producer amount: 13, added: 1, removed: 0
21:56:33.674 [AWT-EventQueue-0] INFO  com.slutprojekt.JimmyKarlsson.utils.LoggerSingleton - Producer intervals: [1, 4, 5, 10, 6, 1, 2, 5, 3, 1, 2, 2, 4]
21:56:33.674 [pool-1-thread-26] WARN  com.slutprojekt.JimmyKarlsson.utils.LoggerSingleton - Buffer is 10% or lower.
21:56:33.863 [AWT-EventQueue-0] INFO  com.slutprojekt.JimmyKarlsson.utils.LoggerSingleton - Producer amount: 14, added: 1, removed: 0
21:56:33.863 [pool-1-thread-27] WARN  com.slutprojekt.JimmyKarlsson.utils.LoggerSingleton - Buffer is 10% or lower.
21:56:33.864 [AWT-EventQueue-0] INFO  com.slutprojekt.JimmyKarlsson.utils.LoggerSingleton - Producer intervals: [1, 4, 5, 10, 6, 1, 2, 5, 3, 1, 2, 2, 4, 8]
21:56:34.074 [AWT-EventQueue-0] INFO  com.slutprojekt.JimmyKarlsson.utils.LoggerSingleton - Producer amount: 15, added: 1, removed: 0
21:56:34.075 [pool-1-thread-28] WARN  com.slutprojekt.JimmyKarlsson.utils.LoggerSingleton - Buffer is 10% or lower.
21:56:34.075 [AWT-EventQueue-0] INFO  com.slutprojekt.JimmyKarlsson.utils.LoggerSingleton - Producer intervals: [1, 4, 5, 10, 6, 1, 2, 5, 3, 1, 2, 2, 4, 8, 8]
21:56:34.117 [pool-1-thread-23] WARN  com.slutprojekt.JimmyKarlsson.utils.LoggerSingleton - Buffer is 10% or lower.
21:56:34.412 [pool-1-thread-19] WARN  com.slutprojekt.JimmyKarlsson.utils.LoggerSingleton - Buffer is 10% or lower.
21:56:34.490 [pool-1-thread-14] WARN  com.slutprojekt.JimmyKarlsson.utils.LoggerSingleton - Buffer is 10% or lower.
21:56:34.582 [pool-1-thread-20] WARN  com.slutprojekt.JimmyKarlsson.utils.LoggerSingleton - Buffer is 10% or lower.
21:56:34.865 [pool-3-thread-1] INFO  com.slutprojekt.JimmyKarlsson.utils.LoggerSingleton - Avg Buffer: 0,00%
21:56:35.125 [pool-1-thread-23] WARN  com.slutprojekt.JimmyKarlsson.utils.LoggerSingleton - Buffer is 10% or lower.
21:56:35.285 [pool-1-thread-24] WARN  com.slutprojekt.JimmyKarlsson.utils.LoggerSingleton - Buffer is 10% or lower.
21:56:35.420 [pool-1-thread-19] WARN  com.slutprojekt.JimmyKarlsson.utils.LoggerSingleton - Buffer is 10% or lower.
21:56:35.471 [pool-1-thread-25] WARN  com.slutprojekt.JimmyKarlsson.utils.LoggerSingleton - Buffer is 10% or lower.
21:56:35.496 [pool-1-thread-14] WARN  com.slutprojekt.JimmyKarlsson.utils.LoggerSingleton - Buffer is 10% or lower.
21:56:35.657 [pool-1-thread-15] WARN  com.slutprojekt.JimmyKarlsson.utils.LoggerSingleton - Buffer is 10% or lower.
21:56:35.871 [AWT-EventQueue-0] INFO  com.slutprojekt.JimmyKarlsson.utils.LoggerSingleton - Producer amount: 16, added: 1, removed: 0
21:56:35.871 [AWT-EventQueue-0] INFO  com.slutprojekt.JimmyKarlsson.utils.LoggerSingleton - Producer intervals: [1, 4, 5, 10, 6, 1, 2, 5, 3, 1, 2, 2, 4, 8, 8, 5]
21:56:35.871 [pool-1-thread-29] WARN  com.slutprojekt.JimmyKarlsson.utils.LoggerSingleton - Buffer is 10% or lower.
21:56:35.948 [pool-1-thread-22] WARN  com.slutprojekt.JimmyKarlsson.utils.LoggerSingleton - Buffer is 10% or lower.
21:56:36.041 [AWT-EventQueue-0] INFO  com.slutprojekt.JimmyKarlsson.utils.LoggerSingleton - Producer amount: 17, added: 1, removed: 0
21:56:36.041 [AWT-EventQueue-0] INFO  com.slutprojekt.JimmyKarlsson.utils.LoggerSingleton - Producer intervals: [1, 4, 5, 10, 6, 1, 2, 5, 3, 1, 2, 2, 4, 8, 8, 5, 9]
21:56:36.042 [pool-1-thread-30] WARN  com.slutprojekt.JimmyKarlsson.utils.LoggerSingleton - Buffer is 10% or lower.
21:56:36.132 [pool-1-thread-23] WARN  com.slutprojekt.JimmyKarlsson.utils.LoggerSingleton - Buffer is 10% or lower.
21:56:36.234 [AWT-EventQueue-0] INFO  com.slutprojekt.JimmyKarlsson.utils.LoggerSingleton - Producer amount: 18, added: 1, removed: 0
21:56:36.234 [pool-1-thread-31] WARN  com.slutprojekt.JimmyKarlsson.utils.LoggerSingleton - Buffer is 10% or lower.
21:56:36.235 [AWT-EventQueue-0] INFO  com.slutprojekt.JimmyKarlsson.utils.LoggerSingleton - Producer intervals: [1, 4, 5, 10, 6, 1, 2, 5, 3, 1, 2, 2, 4, 8, 8, 5, 9, 4]
21:56:36.416 [AWT-EventQueue-0] INFO  com.slutprojekt.JimmyKarlsson.utils.LoggerSingleton - Producer amount: 19, added: 1, removed: 0
21:56:36.416 [pool-1-thread-32] WARN  com.slutprojekt.JimmyKarlsson.utils.LoggerSingleton - Buffer is 10% or lower.
21:56:36.416 [AWT-EventQueue-0] INFO  com.slutprojekt.JimmyKarlsson.utils.LoggerSingleton - Producer intervals: [1, 4, 5, 10, 6, 1, 2, 5, 3, 1, 2, 2, 4, 8, 8, 5, 9, 4, 2]
21:56:36.426 [pool-1-thread-19] WARN  com.slutprojekt.JimmyKarlsson.utils.LoggerSingleton - Buffer is 10% or lower.
21:56:36.504 [pool-1-thread-1] WARN  com.slutprojekt.JimmyKarlsson.utils.LoggerSingleton - Buffer is 10% or lower.
21:56:36.597 [pool-1-thread-20] WARN  com.slutprojekt.JimmyKarlsson.utils.LoggerSingleton - Buffer is 10% or lower.
21:56:36.605 [AWT-EventQueue-0] INFO  com.slutprojekt.JimmyKarlsson.utils.LoggerSingleton - Producer amount: 20, added: 1, removed: 0
21:56:36.606 [pool-1-thread-33] WARN  com.slutprojekt.JimmyKarlsson.utils.LoggerSingleton - Buffer is 10% or lower.
21:56:36.606 [AWT-EventQueue-0] INFO  com.slutprojekt.JimmyKarlsson.utils.LoggerSingleton - Producer intervals: [1, 4, 5, 10, 6, 1, 2, 5, 3, 1, 2, 2, 4, 8, 8, 5, 9, 4, 2, 5]
21:56:36.789 [AWT-EventQueue-0] INFO  com.slutprojekt.JimmyKarlsson.utils.LoggerSingleton - Producer amount: 21, added: 1, removed: 0
21:56:36.790 [pool-1-thread-34] WARN  com.slutprojekt.JimmyKarlsson.utils.LoggerSingleton - Buffer is 10% or lower.
21:56:36.790 [AWT-EventQueue-0] INFO  com.slutprojekt.JimmyKarlsson.utils.LoggerSingleton - Producer intervals: [1, 4, 5, 10, 6, 1, 2, 5, 3, 1, 2, 2, 4, 8, 8, 5, 9, 4, 2, 5, 7]
21:56:36.849 [pool-1-thread-16] WARN  com.slutprojekt.JimmyKarlsson.utils.LoggerSingleton - Buffer is 10% or lower.
21:56:36.983 [AWT-EventQueue-0] INFO  com.slutprojekt.JimmyKarlsson.utils.LoggerSingleton - Producer amount: 22, added: 1, removed: 0
21:56:36.983 [AWT-EventQueue-0] INFO  com.slutprojekt.JimmyKarlsson.utils.LoggerSingleton - Producer intervals: [1, 4, 5, 10, 6, 1, 2, 5, 3, 1, 2, 2, 4, 8, 8, 5, 9, 4, 2, 5, 7, 2]
21:56:36.983 [pool-1-thread-35] WARN  com.slutprojekt.JimmyKarlsson.utils.LoggerSingleton - Buffer is 10% or lower.
21:56:37.139 [pool-1-thread-23] WARN  com.slutprojekt.JimmyKarlsson.utils.LoggerSingleton - Buffer is 10% or lower.
21:56:37.163 [AWT-EventQueue-0] INFO  com.slutprojekt.JimmyKarlsson.utils.LoggerSingleton - Producer amount: 23, added: 1, removed: 0
21:56:37.163 [pool-1-thread-36] WARN  com.slutprojekt.JimmyKarlsson.utils.LoggerSingleton - Buffer is 10% or lower.
21:56:37.164 [AWT-EventQueue-0] INFO  com.slutprojekt.JimmyKarlsson.utils.LoggerSingleton - Producer intervals: [1, 4, 5, 10, 6, 1, 2, 5, 3, 1, 2, 2, 4, 8, 8, 5, 9, 4, 2, 5, 7, 2, 2]
21:56:37.295 [pool-1-thread-24] WARN  com.slutprojekt.JimmyKarlsson.utils.LoggerSingleton - Buffer is 10% or lower.
21:56:37.356 [AWT-EventQueue-0] INFO  com.slutprojekt.JimmyKarlsson.utils.LoggerSingleton - Producer amount: 24, added: 1, removed: 0
21:56:37.357 [pool-1-thread-37] WARN  com.slutprojekt.JimmyKarlsson.utils.LoggerSingleton - Buffer is 10% or lower.
21:56:37.357 [AWT-EventQueue-0] INFO  com.slutprojekt.JimmyKarlsson.utils.LoggerSingleton - Producer intervals: [1, 4, 5, 10, 6, 1, 2, 5, 3, 1, 2, 2, 4, 8, 8, 5, 9, 4, 2, 5, 7, 2, 2, 6]
21:56:37.435 [pool-1-thread-19] WARN  com.slutprojekt.JimmyKarlsson.utils.LoggerSingleton - Buffer is 10% or lower.
21:56:37.481 [pool-1-thread-25] WARN  com.slutprojekt.JimmyKarlsson.utils.LoggerSingleton - Buffer is 10% or lower.
21:56:37.512 [pool-1-thread-14] WARN  com.slutprojekt.JimmyKarlsson.utils.LoggerSingleton - Buffer is 10% or lower.
21:56:37.545 [AWT-EventQueue-0] INFO  com.slutprojekt.JimmyKarlsson.utils.LoggerSingleton - Producer amount: 25, added: 1, removed: 0
21:56:37.545 [pool-1-thread-38] WARN  com.slutprojekt.JimmyKarlsson.utils.LoggerSingleton - Buffer is 10% or lower.
21:56:37.546 [AWT-EventQueue-0] INFO  com.slutprojekt.JimmyKarlsson.utils.LoggerSingleton - Producer intervals: [1, 4, 5, 10, 6, 1, 2, 5, 3, 1, 2, 2, 4, 8, 8, 5, 9, 4, 2, 5, 7, 2, 2, 6, 6]
21:56:37.683 [pool-1-thread-26] WARN  com.slutprojekt.JimmyKarlsson.utils.LoggerSingleton - Buffer is 10% or lower.
21:56:37.724 [AWT-EventQueue-0] INFO  com.slutprojekt.JimmyKarlsson.utils.LoggerSingleton - Producer amount: 26, added: 1, removed: 0
21:56:37.724 [pool-1-thread-39] WARN  com.slutprojekt.JimmyKarlsson.utils.LoggerSingleton - Buffer is 10% or lower.
21:56:37.724 [AWT-EventQueue-0] INFO  com.slutprojekt.JimmyKarlsson.utils.LoggerSingleton - Producer intervals: [1, 4, 5, 10, 6, 1, 2, 5, 3, 1, 2, 2, 4, 8, 8, 5, 9, 4, 2, 5, 7, 2, 2, 6, 6, 8]
21:56:37.776 [pool-1-thread-21] WARN  com.slutprojekt.JimmyKarlsson.utils.LoggerSingleton - Buffer is 10% or lower.
21:56:37.791 [pool-1-thread-13] WARN  com.slutprojekt.JimmyKarlsson.utils.LoggerSingleton - Buffer is 10% or lower.
21:56:37.900 [AWT-EventQueue-0] INFO  com.slutprojekt.JimmyKarlsson.utils.LoggerSingleton - Producer amount: 27, added: 1, removed: 0
21:56:37.900 [AWT-EventQueue-0] INFO  com.slutprojekt.JimmyKarlsson.utils.LoggerSingleton - Producer intervals: [1, 4, 5, 10, 6, 1, 2, 5, 3, 1, 2, 2, 4, 8, 8, 5, 9, 4, 2, 5, 7, 2, 2, 6, 6, 8, 2]
21:56:37.901 [pool-1-thread-40] WARN  com.slutprojekt.JimmyKarlsson.utils.LoggerSingleton - Buffer is 10% or lower.
21:56:38.086 [AWT-EventQueue-0] INFO  com.slutprojekt.JimmyKarlsson.utils.LoggerSingleton - Producer amount: 28, added: 1, removed: 0
21:56:38.087 [pool-1-thread-41] WARN  com.slutprojekt.JimmyKarlsson.utils.LoggerSingleton - Buffer is 10% or lower.
21:56:38.087 [AWT-EventQueue-0] INFO  com.slutprojekt.JimmyKarlsson.utils.LoggerSingleton - Producer intervals: [1, 4, 5, 10, 6, 1, 2, 5, 3, 1, 2, 2, 4, 8, 8, 5, 9, 4, 2, 5, 7, 2, 2, 6, 6, 8, 2, 7]
21:56:38.148 [pool-1-thread-23] WARN  com.slutprojekt.JimmyKarlsson.utils.LoggerSingleton - Buffer is 10% or lower.
21:56:38.148 [pool-1-thread-3] WARN  com.slutprojekt.JimmyKarlsson.utils.LoggerSingleton - Buffer is 10% or lower.
21:56:38.225 [pool-1-thread-18] WARN  com.slutprojekt.JimmyKarlsson.utils.LoggerSingleton - Buffer is 10% or lower.
21:56:38.261 [AWT-EventQueue-0] INFO  com.slutprojekt.JimmyKarlsson.utils.LoggerSingleton - Producer amount: 29, added: 1, removed: 0
21:56:38.261 [pool-1-thread-42] WARN  com.slutprojekt.JimmyKarlsson.utils.LoggerSingleton - Buffer is 10% or lower.
21:56:38.261 [AWT-EventQueue-0] INFO  com.slutprojekt.JimmyKarlsson.utils.LoggerSingleton - Producer intervals: [1, 4, 5, 10, 6, 1, 2, 5, 3, 1, 2, 2, 4, 8, 8, 5, 9, 4, 2, 5, 7, 2, 2, 6, 6, 8, 2, 7, 7]
21:56:38.303 [pool-1-thread-5] WARN  com.slutprojekt.JimmyKarlsson.utils.LoggerSingleton - Buffer is 10% or lower.
21:56:38.427 [pool-1-thread-32] WARN  com.slutprojekt.JimmyKarlsson.utils.LoggerSingleton - Buffer is 10% or lower.
21:56:38.442 [pool-1-thread-19] WARN  com.slutprojekt.JimmyKarlsson.utils.LoggerSingleton - Buffer is 10% or lower.
21:56:38.521 [pool-1-thread-14] WARN  com.slutprojekt.JimmyKarlsson.utils.LoggerSingleton - Buffer is 10% or lower.
21:56:38.598 [pool-1-thread-20] WARN  com.slutprojekt.JimmyKarlsson.utils.LoggerSingleton - Buffer is 10% or lower.
21:56:38.602 [AWT-EventQueue-0] INFO  com.slutprojekt.JimmyKarlsson.utils.LoggerSingleton - Producer amount: 30, added: 1, removed: 0
21:56:38.602 [pool-1-thread-43] WARN  com.slutprojekt.JimmyKarlsson.utils.LoggerSingleton - Buffer is 10% or lower.
21:56:38.602 [AWT-EventQueue-0] INFO  com.slutprojekt.JimmyKarlsson.utils.LoggerSingleton - Producer intervals: [1, 4, 5, 10, 6, 1, 2, 5, 3, 1, 2, 2, 4, 8, 8, 5, 9, 4, 2, 5, 7, 2, 2, 6, 6, 8, 2, 7, 7, 3]
21:56:38.802 [AWT-EventQueue-0] INFO  com.slutprojekt.JimmyKarlsson.utils.LoggerSingleton - Producer amount: 31, added: 1, removed: 0
21:56:38.802 [pool-1-thread-44] WARN  com.slutprojekt.JimmyKarlsson.utils.LoggerSingleton - Buffer is 10% or lower.
21:56:38.802 [AWT-EventQueue-0] INFO  com.slutprojekt.JimmyKarlsson.utils.LoggerSingleton - Producer intervals: [1, 4, 5, 10, 6, 1, 2, 5, 3, 1, 2, 2, 4, 8, 8, 5, 9, 4, 2, 5, 7, 2, 2, 6, 6, 8, 2, 7, 7, 3, 2]
21:56:38.956 [pool-1-thread-22] WARN  com.slutprojekt.JimmyKarlsson.utils.LoggerSingleton - Buffer is 10% or lower.
21:56:38.979 [AWT-EventQueue-0] INFO  com.slutprojekt.JimmyKarlsson.utils.LoggerSingleton - Producer amount: 32, added: 1, removed: 0
21:56:38.979 [pool-1-thread-45] WARN  com.slutprojekt.JimmyKarlsson.utils.LoggerSingleton - Buffer is 10% or lower.
21:56:38.979 [AWT-EventQueue-0] INFO  com.slutprojekt.JimmyKarlsson.utils.LoggerSingleton - Producer intervals: [1, 4, 5, 10, 6, 1, 2, 5, 3, 1, 2, 2, 4, 8, 8, 5, 9, 4, 2, 5, 7, 2, 2, 6, 6, 8, 2, 7, 7, 3, 2, 10]
21:56:38.986 [pool-1-thread-35] WARN  com.slutprojekt.JimmyKarlsson.utils.LoggerSingleton - Buffer is 10% or lower.
21:56:39.150 [pool-1-thread-23] WARN  com.slutprojekt.JimmyKarlsson.utils.LoggerSingleton - Buffer is 10% or lower.
21:56:39.165 [pool-1-thread-36] WARN  com.slutprojekt.JimmyKarlsson.utils.LoggerSingleton - Buffer is 10% or lower.
21:56:39.173 [AWT-EventQueue-0] INFO  com.slutprojekt.JimmyKarlsson.utils.LoggerSingleton - Producer amount: 33, added: 1, removed: 0
21:56:39.173 [pool-1-thread-46] WARN  com.slutprojekt.JimmyKarlsson.utils.LoggerSingleton - Buffer is 10% or lower.
21:56:39.173 [AWT-EventQueue-0] INFO  com.slutprojekt.JimmyKarlsson.utils.LoggerSingleton - Producer intervals: [1, 4, 5, 10, 6, 1, 2, 5, 3, 1, 2, 2, 4, 8, 8, 5, 9, 4, 2, 5, 7, 2, 2, 6, 6, 8, 2, 7, 7, 3, 2, 10, 4]
21:56:39.233 [pool-1-thread-4] WARN  com.slutprojekt.JimmyKarlsson.utils.LoggerSingleton - Buffer is 10% or lower.
21:56:39.296 [pool-1-thread-24] WARN  com.slutprojekt.JimmyKarlsson.utils.LoggerSingleton - Buffer is 10% or lower.
21:56:39.311 [pool-1-thread-5] WARN  com.slutprojekt.JimmyKarlsson.utils.LoggerSingleton - Buffer is 10% or lower.
21:56:39.368 [AWT-EventQueue-0] INFO  com.slutprojekt.JimmyKarlsson.utils.LoggerSingleton - Producer amount: 34, added: 1, removed: 0
21:56:39.368 [pool-1-thread-47] WARN  com.slutprojekt.JimmyKarlsson.utils.LoggerSingleton - Buffer is 10% or lower.
21:56:39.368 [AWT-EventQueue-0] INFO  com.slutprojekt.JimmyKarlsson.utils.LoggerSingleton - Producer intervals: [1, 4, 5, 10, 6, 1, 2, 5, 3, 1, 2, 2, 4, 8, 8, 5, 9, 4, 2, 5, 7, 2, 2, 6, 6, 8, 2, 7, 7, 3, 2, 10, 4, 1]
21:56:39.435 [pool-1-thread-6] WARN  com.slutprojekt.JimmyKarlsson.utils.LoggerSingleton - Buffer is 10% or lower.
21:56:39.451 [pool-1-thread-19] WARN  com.slutprojekt.JimmyKarlsson.utils.LoggerSingleton - Buffer is 10% or lower.
21:56:39.482 [pool-1-thread-25] WARN  com.slutprojekt.JimmyKarlsson.utils.LoggerSingleton - Buffer is 10% or lower.
21:56:39.547 [AWT-EventQueue-0] INFO  com.slutprojekt.JimmyKarlsson.utils.LoggerSingleton - Producer amount: 35, added: 1, removed: 0
21:56:39.547 [pool-1-thread-48] WARN  com.slutprojekt.JimmyKarlsson.utils.LoggerSingleton - Buffer is 10% or lower.
21:56:39.547 [AWT-EventQueue-0] INFO  com.slutprojekt.JimmyKarlsson.utils.LoggerSingleton - Producer intervals: [1, 4, 5, 10, 6, 1, 2, 5, 3, 1, 2, 2, 4, 8, 8, 5, 9, 4, 2, 5, 7, 2, 2, 6, 6, 8, 2, 7, 7, 3, 2, 10, 4, 1, 3]
21:56:39.603 [pool-1-thread-1] WARN  com.slutprojekt.JimmyKarlsson.utils.LoggerSingleton - Buffer is 10% or lower.
21:56:39.606 [pool-1-thread-8] WARN  com.slutprojekt.JimmyKarlsson.utils.LoggerSingleton - Buffer is 10% or lower.
21:56:39.668 [pool-1-thread-15] WARN  com.slutprojekt.JimmyKarlsson.utils.LoggerSingleton - Buffer is 10% or lower.
21:56:39.731 [AWT-EventQueue-0] INFO  com.slutprojekt.JimmyKarlsson.utils.LoggerSingleton - Producer amount: 36, added: 1, removed: 0
21:56:39.731 [pool-1-thread-49] WARN  com.slutprojekt.JimmyKarlsson.utils.LoggerSingleton - Buffer is 10% or lower.
21:56:39.731 [AWT-EventQueue-0] INFO  com.slutprojekt.JimmyKarlsson.utils.LoggerSingleton - Producer intervals: [1, 4, 5, 10, 6, 1, 2, 5, 3, 1, 2, 2, 4, 8, 8, 5, 9, 4, 2, 5, 7, 2, 2, 6, 6, 8, 2, 7, 7, 3, 2, 10, 4, 1, 3, 10]
21:56:39.808 [pool-1-thread-11] WARN  com.slutprojekt.JimmyKarlsson.utils.LoggerSingleton - Buffer is 10% or lower.
21:56:39.901 [pool-1-thread-40] WARN  com.slutprojekt.JimmyKarlsson.utils.LoggerSingleton - Buffer is 10% or lower.
21:56:39.963 [pool-1-thread-12] WARN  com.slutprojekt.JimmyKarlsson.utils.LoggerSingleton - Buffer is 10% or lower.
21:56:39.995 [pool-1-thread-10] WARN  com.slutprojekt.JimmyKarlsson.utils.LoggerSingleton - Buffer is 10% or lower.
21:56:40.153 [pool-1-thread-23] WARN  com.slutprojekt.JimmyKarlsson.utils.LoggerSingleton - Buffer is 10% or lower.
21:56:40.236 [pool-1-thread-31] WARN  com.slutprojekt.JimmyKarlsson.utils.LoggerSingleton - Buffer is 10% or lower.
21:56:40.371 [pool-1-thread-47] WARN  com.slutprojekt.JimmyKarlsson.utils.LoggerSingleton - Buffer is 10% or lower.
21:56:40.433 [pool-1-thread-32] WARN  com.slutprojekt.JimmyKarlsson.utils.LoggerSingleton - Buffer is 10% or lower.
21:56:40.463 [pool-1-thread-19] WARN  com.slutprojekt.JimmyKarlsson.utils.LoggerSingleton - Buffer is 10% or lower.
21:56:40.542 [pool-1-thread-14] WARN  com.slutprojekt.JimmyKarlsson.utils.LoggerSingleton - Buffer is 10% or lower.
21:56:40.603 [pool-1-thread-20] WARN  com.slutprojekt.JimmyKarlsson.utils.LoggerSingleton - Buffer is 10% or lower.
21:56:40.781 [AWT-EventQueue-0] INFO  com.slutprojekt.JimmyKarlsson.utils.LoggerSingleton - Producer amount: 37, added: 1, removed: 0
21:56:40.781 [pool-1-thread-50] WARN  com.slutprojekt.JimmyKarlsson.utils.LoggerSingleton - Buffer is 10% or lower.
21:56:40.781 [AWT-EventQueue-0] INFO  com.slutprojekt.JimmyKarlsson.utils.LoggerSingleton - Producer intervals: [1, 4, 5, 10, 6, 1, 2, 5, 3, 1, 2, 2, 4, 8, 8, 5, 9, 4, 2, 5, 7, 2, 2, 6, 6, 8, 2, 7, 7, 3, 2, 10, 4, 1, 3, 10, 1]
21:56:40.803 [pool-1-thread-44] WARN  com.slutprojekt.JimmyKarlsson.utils.LoggerSingleton - Buffer is 10% or lower.
21:56:40.881 [pool-1-thread-29] WARN  com.slutprojekt.JimmyKarlsson.utils.LoggerSingleton - Buffer is 10% or lower.
21:56:40.961 [AWT-EventQueue-0] INFO  com.slutprojekt.JimmyKarlsson.utils.LoggerSingleton - Producer amount: 38, added: 1, removed: 0
21:56:40.961 [pool-1-thread-51] WARN  com.slutprojekt.JimmyKarlsson.utils.LoggerSingleton - Buffer is 10% or lower.
21:56:40.962 [AWT-EventQueue-0] INFO  com.slutprojekt.JimmyKarlsson.utils.LoggerSingleton - Producer intervals: [1, 4, 5, 10, 6, 1, 2, 5, 3, 1, 2, 2, 4, 8, 8, 5, 9, 4, 2, 5, 7, 2, 2, 6, 6, 8, 2, 7, 7, 3, 2, 10, 4, 1, 3, 10, 1, 3]
21:56:40.992 [pool-1-thread-35] WARN  com.slutprojekt.JimmyKarlsson.utils.LoggerSingleton - Buffer is 10% or lower.
21:56:41.147 [AWT-EventQueue-0] INFO  com.slutprojekt.JimmyKarlsson.utils.LoggerSingleton - Producer amount: 39, added: 1, removed: 0
21:56:41.147 [AWT-EventQueue-0] INFO  com.slutprojekt.JimmyKarlsson.utils.LoggerSingleton - Producer intervals: [1, 4, 5, 10, 6, 1, 2, 5, 3, 1, 2, 2, 4, 8, 8, 5, 9, 4, 2, 5, 7, 2, 2, 6, 6, 8, 2, 7, 7, 3, 2, 10, 4, 1, 3, 10, 1, 3, 5]
21:56:41.147 [pool-1-thread-52] WARN  com.slutprojekt.JimmyKarlsson.utils.LoggerSingleton - Buffer is 10% or lower.
21:56:41.162 [pool-1-thread-23] WARN  com.slutprojekt.JimmyKarlsson.utils.LoggerSingleton - Buffer is 10% or lower.
21:56:41.178 [pool-1-thread-36] WARN  com.slutprojekt.JimmyKarlsson.utils.LoggerSingleton - Buffer is 10% or lower.
21:56:41.240 [pool-1-thread-2] WARN  com.slutprojekt.JimmyKarlsson.utils.LoggerSingleton - Buffer is 10% or lower.
21:56:41.302 [pool-1-thread-24] WARN  com.slutprojekt.JimmyKarlsson.utils.LoggerSingleton - Buffer is 10% or lower.
21:56:41.320 [AWT-EventQueue-0] INFO  com.slutprojekt.JimmyKarlsson.utils.LoggerSingleton - Producer amount: 40, added: 1, removed: 0
21:56:41.320 [pool-1-thread-53] WARN  com.slutprojekt.JimmyKarlsson.utils.LoggerSingleton - Buffer is 10% or lower.
21:56:41.321 [AWT-EventQueue-0] INFO  com.slutprojekt.JimmyKarlsson.utils.LoggerSingleton - Producer intervals: [1, 4, 5, 10, 6, 1, 2, 5, 3, 1, 2, 2, 4, 8, 8, 5, 9, 4, 2, 5, 7, 2, 2, 6, 6, 8, 2, 7, 7, 3, 2, 10, 4, 1, 3, 10, 1, 3, 5, 7]
21:56:41.442 [pool-1-thread-4] WARN  com.slutprojekt.JimmyKarlsson.utils.LoggerSingleton - Buffer is 10% or lower.
21:56:41.473 [pool-1-thread-19] WARN  com.slutprojekt.JimmyKarlsson.utils.LoggerSingleton - Buffer is 10% or lower.
21:56:41.473 [pool-1-thread-5] WARN  com.slutprojekt.JimmyKarlsson.utils.LoggerSingleton - Buffer is 10% or lower.
21:56:41.489 [pool-1-thread-25] WARN  com.slutprojekt.JimmyKarlsson.utils.LoggerSingleton - Buffer is 10% or lower.
21:56:41.551 [pool-1-thread-6] WARN  com.slutprojekt.JimmyKarlsson.utils.LoggerSingleton - Buffer is 10% or lower.
21:56:41.604 [pool-1-thread-43] WARN  com.slutprojekt.JimmyKarlsson.utils.LoggerSingleton - Buffer is 10% or lower.
21:56:41.614 [pool-1-thread-33] WARN  com.slutprojekt.JimmyKarlsson.utils.LoggerSingleton - Buffer is 10% or lower.
21:56:41.614 [pool-1-thread-7] WARN  com.slutprojekt.JimmyKarlsson.utils.LoggerSingleton - Buffer is 10% or lower.
21:56:41.692 [pool-1-thread-26] WARN  com.slutprojekt.JimmyKarlsson.utils.LoggerSingleton - Buffer is 10% or lower.
21:56:41.699 [AWT-EventQueue-0] INFO  com.slutprojekt.JimmyKarlsson.utils.LoggerSingleton - Producer amount: 41, added: 1, removed: 0
21:56:41.699 [pool-1-thread-54] WARN  com.slutprojekt.JimmyKarlsson.utils.LoggerSingleton - Buffer is 10% or lower.
21:56:41.699 [AWT-EventQueue-0] INFO  com.slutprojekt.JimmyKarlsson.utils.LoggerSingleton - Producer intervals: [1, 4, 5, 10, 6, 1, 2, 5, 3, 1, 2, 2, 4, 8, 8, 5, 9, 4, 2, 5, 7, 2, 2, 6, 6, 8, 2, 7, 7, 3, 2, 10, 4, 1, 3, 10, 1, 3, 5, 7, 3]
21:56:41.782 [pool-1-thread-50] WARN  com.slutprojekt.JimmyKarlsson.utils.LoggerSingleton - Buffer is 10% or lower.
21:56:41.785 [pool-1-thread-9] WARN  com.slutprojekt.JimmyKarlsson.utils.LoggerSingleton - Buffer is 10% or lower.
21:56:41.816 [pool-1-thread-1] WARN  com.slutprojekt.JimmyKarlsson.utils.LoggerSingleton - Buffer is 10% or lower.
21:56:41.862 [pool-1-thread-16] WARN  com.slutprojekt.JimmyKarlsson.utils.LoggerSingleton - Buffer is 10% or lower.
21:56:41.865 [pool-1-thread-27] WARN  com.slutprojekt.JimmyKarlsson.utils.LoggerSingleton - Buffer is 10% or lower.
21:56:41.893 [pool-1-thread-8] WARN  com.slutprojekt.JimmyKarlsson.utils.LoggerSingleton - Buffer is 10% or lower.
21:56:41.909 [pool-1-thread-40] WARN  com.slutprojekt.JimmyKarlsson.utils.LoggerSingleton - Buffer is 10% or lower.
21:56:41.964 [pool-1-thread-11] WARN  com.slutprojekt.JimmyKarlsson.utils.LoggerSingleton - Buffer is 10% or lower.
21:56:41.971 [pool-1-thread-22] WARN  com.slutprojekt.JimmyKarlsson.utils.LoggerSingleton - Buffer is 10% or lower.
21:56:42.001 [pool-1-thread-12] WARN  com.slutprojekt.JimmyKarlsson.utils.LoggerSingleton - Buffer is 10% or lower.
21:56:42.048 [pool-1-thread-17] WARN  com.slutprojekt.JimmyKarlsson.utils.LoggerSingleton - Buffer is 10% or lower.
21:56:42.076 [pool-1-thread-28] WARN  com.slutprojekt.JimmyKarlsson.utils.LoggerSingleton - Buffer is 10% or lower.
21:56:42.156 [pool-1-thread-10] WARN  com.slutprojekt.JimmyKarlsson.utils.LoggerSingleton - Buffer is 10% or lower.
21:56:42.172 [pool-1-thread-23] WARN  com.slutprojekt.JimmyKarlsson.utils.LoggerSingleton - Buffer is 10% or lower.
21:56:42.250 [pool-1-thread-2] WARN  com.slutprojekt.JimmyKarlsson.utils.LoggerSingleton - Buffer is 10% or lower.
21:56:42.390 [pool-1-thread-47] WARN  com.slutprojekt.JimmyKarlsson.utils.LoggerSingleton - Buffer is 10% or lower.
21:56:42.437 [pool-1-thread-32] WARN  com.slutprojekt.JimmyKarlsson.utils.LoggerSingleton - Buffer is 10% or lower.
21:56:42.453 [pool-1-thread-4] WARN  com.slutprojekt.JimmyKarlsson.utils.LoggerSingleton - Buffer is 10% or lower.
21:56:42.484 [pool-1-thread-5] WARN  com.slutprojekt.JimmyKarlsson.utils.LoggerSingleton - Buffer is 10% or lower.
21:56:42.484 [pool-1-thread-19] WARN  com.slutprojekt.JimmyKarlsson.utils.LoggerSingleton - Buffer is 10% or lower.
21:56:42.550 [pool-1-thread-48] WARN  com.slutprojekt.JimmyKarlsson.utils.LoggerSingleton - Buffer is 10% or lower.
21:56:42.609 [pool-1-thread-20] WARN  com.slutprojekt.JimmyKarlsson.utils.LoggerSingleton - Buffer is 10% or lower.
21:56:42.624 [pool-1-thread-7] WARN  com.slutprojekt.JimmyKarlsson.utils.LoggerSingleton - Buffer is 10% or lower.
21:56:42.780 [pool-1-thread-21] WARN  com.slutprojekt.JimmyKarlsson.utils.LoggerSingleton - Buffer is 10% or lower.
21:56:42.795 [pool-1-thread-9] WARN  com.slutprojekt.JimmyKarlsson.utils.LoggerSingleton - Buffer is 10% or lower.
21:56:42.810 [pool-1-thread-44] WARN  com.slutprojekt.JimmyKarlsson.utils.LoggerSingleton - Buffer is 10% or lower.
21:56:42.826 [pool-1-thread-1] WARN  com.slutprojekt.JimmyKarlsson.utils.LoggerSingleton - Buffer is 10% or lower.
21:56:42.902 [pool-1-thread-8] WARN  com.slutprojekt.JimmyKarlsson.utils.LoggerSingleton - Buffer is 10% or lower.
21:56:42.964 [pool-1-thread-11] WARN  com.slutprojekt.JimmyKarlsson.utils.LoggerSingleton - Buffer is 10% or lower.
21:56:42.996 [pool-1-thread-35] WARN  com.slutprojekt.JimmyKarlsson.utils.LoggerSingleton - Buffer is 10% or lower.
21:56:43.012 [pool-1-thread-12] WARN  com.slutprojekt.JimmyKarlsson.utils.LoggerSingleton - Buffer is 10% or lower.
21:56:43.166 [pool-1-thread-10] WARN  com.slutprojekt.JimmyKarlsson.utils.LoggerSingleton - Buffer is 10% or lower.
21:56:43.174 [pool-1-thread-46] WARN  com.slutprojekt.JimmyKarlsson.utils.LoggerSingleton - Buffer is 10% or lower.
21:56:43.182 [pool-1-thread-23] WARN  com.slutprojekt.JimmyKarlsson.utils.LoggerSingleton - Buffer is 10% or lower.
21:56:43.182 [pool-1-thread-13] WARN  com.slutprojekt.JimmyKarlsson.utils.LoggerSingleton - Buffer is 10% or lower.
21:56:43.182 [pool-1-thread-36] WARN  com.slutprojekt.JimmyKarlsson.utils.LoggerSingleton - Buffer is 10% or lower.
21:56:43.259 [pool-1-thread-2] WARN  com.slutprojekt.JimmyKarlsson.utils.LoggerSingleton - Buffer is 10% or lower.
21:56:43.306 [pool-1-thread-24] WARN  com.slutprojekt.JimmyKarlsson.utils.LoggerSingleton - Buffer is 10% or lower.
21:56:43.358 [pool-1-thread-37] WARN  com.slutprojekt.JimmyKarlsson.utils.LoggerSingleton - Buffer is 10% or lower.
21:56:43.400 [pool-1-thread-3] WARN  com.slutprojekt.JimmyKarlsson.utils.LoggerSingleton - Buffer is 10% or lower.
21:56:43.462 [pool-1-thread-4] WARN  com.slutprojekt.JimmyKarlsson.utils.LoggerSingleton - Buffer is 10% or lower.
21:56:43.484 [pool-1-thread-5] WARN  com.slutprojekt.JimmyKarlsson.utils.LoggerSingleton - Buffer is 10% or lower.
21:56:43.493 [pool-1-thread-19] WARN  com.slutprojekt.JimmyKarlsson.utils.LoggerSingleton - Buffer is 10% or lower.
21:56:43.493 [pool-1-thread-25] WARN  com.slutprojekt.JimmyKarlsson.utils.LoggerSingleton - Buffer is 10% or lower.
21:56:43.547 [pool-1-thread-38] WARN  com.slutprojekt.JimmyKarlsson.utils.LoggerSingleton - Buffer is 10% or lower.
21:56:43.572 [pool-1-thread-6] WARN  com.slutprojekt.JimmyKarlsson.utils.LoggerSingleton - Buffer is 10% or lower.
21:56:43.633 [pool-1-thread-7] WARN  com.slutprojekt.JimmyKarlsson.utils.LoggerSingleton - Buffer is 10% or lower.
21:56:43.681 [pool-1-thread-15] WARN  com.slutprojekt.JimmyKarlsson.utils.LoggerSingleton - Buffer is 10% or lower.
21:56:43.793 [pool-1-thread-34] WARN  com.slutprojekt.JimmyKarlsson.utils.LoggerSingleton - Buffer is 10% or lower.
21:56:43.805 [pool-1-thread-50] WARN  com.slutprojekt.JimmyKarlsson.utils.LoggerSingleton - Buffer is 10% or lower.
21:56:43.805 [pool-1-thread-9] WARN  com.slutprojekt.JimmyKarlsson.utils.LoggerSingleton - Buffer is 10% or lower.
21:56:43.837 [pool-1-thread-1] WARN  com.slutprojekt.JimmyKarlsson.utils.LoggerSingleton - Buffer is 10% or lower.
21:56:43.914 [pool-1-thread-40] WARN  com.slutprojekt.JimmyKarlsson.utils.LoggerSingleton - Buffer is 10% or lower.
21:56:43.914 [pool-1-thread-8] WARN  com.slutprojekt.JimmyKarlsson.utils.LoggerSingleton - Buffer is 10% or lower.
21:56:43.963 [pool-1-thread-51] WARN  com.slutprojekt.JimmyKarlsson.utils.LoggerSingleton - Buffer is 10% or lower.
21:56:43.976 [pool-1-thread-11] WARN  com.slutprojekt.JimmyKarlsson.utils.LoggerSingleton - Buffer is 10% or lower.
21:56:44.023 [pool-1-thread-12] WARN  com.slutprojekt.JimmyKarlsson.utils.LoggerSingleton - Buffer is 10% or lower.
21:56:44.179 [pool-1-thread-10] WARN  com.slutprojekt.JimmyKarlsson.utils.LoggerSingleton - Buffer is 10% or lower.
21:56:44.183 [pool-1-thread-13] WARN  com.slutprojekt.JimmyKarlsson.utils.LoggerSingleton - Buffer is 10% or lower.
21:56:44.183 [pool-1-thread-23] WARN  com.slutprojekt.JimmyKarlsson.utils.LoggerSingleton - Buffer is 10% or lower.
21:56:44.240 [pool-1-thread-31] WARN  com.slutprojekt.JimmyKarlsson.utils.LoggerSingleton - Buffer is 10% or lower.
21:56:44.240 [pool-1-thread-18] WARN  com.slutprojekt.JimmyKarlsson.utils.LoggerSingleton - Buffer is 10% or lower.
21:56:44.270 [pool-1-thread-2] WARN  com.slutprojekt.JimmyKarlsson.utils.LoggerSingleton - Buffer is 10% or lower.
21:56:44.409 [pool-1-thread-47] WARN  com.slutprojekt.JimmyKarlsson.utils.LoggerSingleton - Buffer is 10% or lower.
21:56:44.409 [pool-1-thread-3] WARN  com.slutprojekt.JimmyKarlsson.utils.LoggerSingleton - Buffer is 10% or lower.
21:56:44.440 [pool-1-thread-32] WARN  com.slutprojekt.JimmyKarlsson.utils.LoggerSingleton - Buffer is 10% or lower.
21:56:44.471 [pool-1-thread-4] WARN  com.slutprojekt.JimmyKarlsson.utils.LoggerSingleton - Buffer is 10% or lower.
21:56:44.487 [pool-1-thread-5] WARN  com.slutprojekt.JimmyKarlsson.utils.LoggerSingleton - Buffer is 10% or lower.
21:56:44.502 [pool-1-thread-19] WARN  com.slutprojekt.JimmyKarlsson.utils.LoggerSingleton - Buffer is 10% or lower.
21:56:44.580 [pool-1-thread-14] WARN  com.slutprojekt.JimmyKarlsson.utils.LoggerSingleton - Buffer is 10% or lower.
21:56:44.611 [pool-1-thread-43] WARN  com.slutprojekt.JimmyKarlsson.utils.LoggerSingleton - Buffer is 10% or lower.
21:56:44.611 [pool-1-thread-20] WARN  com.slutprojekt.JimmyKarlsson.utils.LoggerSingleton - Buffer is 10% or lower.
21:56:44.643 [pool-1-thread-7] WARN  com.slutprojekt.JimmyKarlsson.utils.LoggerSingleton - Buffer is 10% or lower.
21:56:44.705 [pool-1-thread-54] WARN  com.slutprojekt.JimmyKarlsson.utils.LoggerSingleton - Buffer is 10% or lower.
21:56:44.807 [pool-1-thread-50] WARN  com.slutprojekt.JimmyKarlsson.utils.LoggerSingleton - Buffer is 10% or lower.
21:56:44.846 [pool-1-thread-1] WARN  com.slutprojekt.JimmyKarlsson.utils.LoggerSingleton - Buffer is 10% or lower.
21:56:44.861 [pool-3-thread-1] INFO  com.slutprojekt.JimmyKarlsson.utils.LoggerSingleton - Avg Buffer: 2,90%
21:56:44.923 [pool-1-thread-8] WARN  com.slutprojekt.JimmyKarlsson.utils.LoggerSingleton - Buffer is 10% or lower.
21:56:44.986 [pool-1-thread-22] WARN  com.slutprojekt.JimmyKarlsson.utils.LoggerSingleton - Buffer is 10% or lower.
21:56:44.986 [pool-1-thread-11] WARN  com.slutprojekt.JimmyKarlsson.utils.LoggerSingleton - Buffer is 10% or lower.
21:56:45.001 [pool-1-thread-35] WARN  com.slutprojekt.JimmyKarlsson.utils.LoggerSingleton - Buffer is 10% or lower.
21:56:45.032 [pool-1-thread-12] WARN  com.slutprojekt.JimmyKarlsson.utils.LoggerSingleton - Buffer is 10% or lower.
21:56:45.048 [pool-1-thread-30] WARN  com.slutprojekt.JimmyKarlsson.utils.LoggerSingleton - Buffer is 10% or lower.
21:56:45.090 [pool-1-thread-41] WARN  com.slutprojekt.JimmyKarlsson.utils.LoggerSingleton - Buffer is 10% or lower.
21:56:45.183 [pool-1-thread-13] WARN  com.slutprojekt.JimmyKarlsson.utils.LoggerSingleton - Buffer is 10% or lower.
21:56:45.186 [pool-1-thread-10] WARN  com.slutprojekt.JimmyKarlsson.utils.LoggerSingleton - Buffer is 10% or lower.
21:56:45.186 [pool-1-thread-36] WARN  com.slutprojekt.JimmyKarlsson.utils.LoggerSingleton - Buffer is 10% or lower.
21:56:45.279 [pool-1-thread-2] WARN  com.slutprojekt.JimmyKarlsson.utils.LoggerSingleton - Buffer is 10% or lower.
21:56:45.481 [pool-1-thread-4] WARN  com.slutprojekt.JimmyKarlsson.utils.LoggerSingleton - Buffer is 10% or lower.
21:56:45.496 [pool-1-thread-5] WARN  com.slutprojekt.JimmyKarlsson.utils.LoggerSingleton - Buffer is 10% or lower.
21:56:46.198 [pool-1-thread-13] WARN  com.slutprojekt.JimmyKarlsson.utils.LoggerSingleton - Buffer is 10% or lower.
21:56:46.292 [pool-1-thread-2] WARN  com.slutprojekt.JimmyKarlsson.utils.LoggerSingleton - Buffer is 10% or lower.
21:56:46.430 [pool-1-thread-3] WARN  com.slutprojekt.JimmyKarlsson.utils.LoggerSingleton - Buffer is 10% or lower.
21:56:46.492 [pool-1-thread-4] WARN  com.slutprojekt.JimmyKarlsson.utils.LoggerSingleton - Buffer is 10% or lower.
21:56:46.508 [pool-1-thread-5] WARN  com.slutprojekt.JimmyKarlsson.utils.LoggerSingleton - Buffer is 10% or lower.
21:56:46.524 [pool-1-thread-19] WARN  com.slutprojekt.JimmyKarlsson.utils.LoggerSingleton - Buffer is 10% or lower.
21:56:46.601 [pool-1-thread-6] WARN  com.slutprojekt.JimmyKarlsson.utils.LoggerSingleton - Buffer is 10% or lower.
21:56:54.862 [pool-3-thread-1] INFO  com.slutprojekt.JimmyKarlsson.utils.LoggerSingleton - Avg Buffer: 18,60%
